{"/Users/khalil/perso/big-csv-parse/src/lib/csvBig.ts": {"path":"/Users/khalil/perso/big-csv-parse/src/lib/csvBig.ts","statementMap":{"0":{"start":{"line":1,"column":0},"end":{"line":1,"column":25}},"1":{"start":{"line":2,"column":0},"end":{"line":2,"column":37}},"2":{"start":{"line":5,"column":0},"end":{"line":5,"column":13}},"3":{"start":{"line":13,"column":36},"end":{"line":13,"column":null}},"4":{"start":{"line":14,"column":2},"end":{"line":14,"column":37}},"5":{"start":{"line":15,"column":2},"end":{"line":15,"column":55}},"6":{"start":{"line":16,"column":2},"end":{"line":16,"column":99}},"7":{"start":{"line":17,"column":2},"end":{"line":17,"column":44}},"8":{"start":{"line":18,"column":2},"end":{"line":18,"column":25}},"9":{"start":{"line":19,"column":2},"end":{"line":19,"column":23}},"10":{"start":{"line":22,"column":7},"end":{"line":27,"column":null}},"11":{"start":{"line":23,"column":2},"end":{"line":26,"column":29}},"12":{"start":{"line":24,"column":20},"end":{"line":24,"column":null}},"13":{"start":{"line":29,"column":7},"end":{"line":36,"column":null}},"14":{"start":{"line":30,"column":2},"end":{"line":35,"column":29}},"15":{"start":{"line":32,"column":4},"end":{"line":32,"column":82}},"16":{"start":{"line":32,"column":40},"end":{"line":32,"column":42}},"17":{"start":{"line":32,"column":48},"end":{"line":32,"column":50}},"18":{"start":{"line":32,"column":55},"end":{"line":32,"column":81}},"19":{"start":{"line":38,"column":15},"end":{"line":73,"column":null}},"20":{"start":{"line":38,"column":39},"end":{"line":38,"column":41}},"21":{"start":{"line":38,"column":46},"end":{"line":38,"column":64}},"22":{"start":{"line":39,"column":2},"end":{"line":39,"column":23}},"23":{"start":{"line":40,"column":6},"end":{"line":40,"column":22}},"24":{"start":{"line":42,"column":8},"end":{"line":42,"column":61}},"25":{"start":{"line":43,"column":8},"end":{"line":43,"column":69}},"26":{"start":{"line":45,"column":27},"end":{"line":45,"column":null}},"27":{"start":{"line":45,"column":27},"end":{"line":45,"column":37}},"28":{"start":{"line":45,"column":19},"end":{"line":45,"column":27}},"29":{"start":{"line":46,"column":3},"end":{"line":49,"column":4}},"30":{"start":{"line":47,"column":4},"end":{"line":47,"column":68}},"31":{"start":{"line":48,"column":4},"end":{"line":48,"column":13}},"32":{"start":{"line":51,"column":9},"end":{"line":51,"column":86}},"33":{"start":{"line":53,"column":3},"end":{"line":60,"column":4}},"34":{"start":{"line":54,"column":4},"end":{"line":54,"column":33}},"35":{"start":{"line":55,"column":4},"end":{"line":55,"column":18}},"36":{"start":{"line":57,"column":4},"end":{"line":59,"column":5}},"37":{"start":{"line":58,"column":5},"end":{"line":58,"column":11}},"38":{"start":{"line":63,"column":2},"end":{"line":72,"column":3}},"39":{"start":{"line":64,"column":3},"end":{"line":69,"column":4}},"40":{"start":{"line":65,"column":4},"end":{"line":65,"column":84}},"41":{"start":{"line":66,"column":4},"end":{"line":66,"column":102}},"42":{"start":{"line":68,"column":4},"end":{"line":68,"column":76}},"43":{"start":{"line":71,"column":3},"end":{"line":71,"column":26}},"44":{"start":{"line":75,"column":9},"end":{"line":85,"column":null}},"45":{"start":{"line":75,"column":1},"end":{"line":75,"column":9}},"46":{"start":{"line":76,"column":15},"end":{"line":76,"column":55}},"47":{"start":{"line":77,"column":2},"end":{"line":79,"column":3}},"48":{"start":{"line":78,"column":3},"end":{"line":78,"column":52}},"49":{"start":{"line":81,"column":2},"end":{"line":84,"column":22}},"50":{"start":{"line":82,"column":3},"end":{"line":82,"column":50}},"51":{"start":{"line":83,"column":3},"end":{"line":83,"column":14}},"52":{"start":{"line":87,"column":9},"end":{"line":109,"column":null}},"53":{"start":{"line":88,"column":28},"end":{"line":88,"column":30}},"54":{"start":{"line":89,"column":22},"end":{"line":89,"column":24}},"55":{"start":{"line":90,"column":21},"end":{"line":90,"column":26}},"56":{"start":{"line":92,"column":2},"end":{"line":105,"column":3}},"57":{"start":{"line":92,"column":15},"end":{"line":92,"column":16}},"58":{"start":{"line":93,"column":16},"end":{"line":93,"column":23}},"59":{"start":{"line":94,"column":3},"end":{"line":104,"column":4}},"60":{"start":{"line":95,"column":4},"end":{"line":95,"column":25}},"61":{"start":{"line":96,"column":4},"end":{"line":96,"column":8}},"62":{"start":{"line":97,"column":10},"end":{"line":104,"column":4}},"63":{"start":{"line":98,"column":4},"end":{"line":98,"column":33}},"64":{"start":{"line":99,"column":10},"end":{"line":104,"column":4}},"65":{"start":{"line":100,"column":4},"end":{"line":100,"column":32}},"66":{"start":{"line":101,"column":4},"end":{"line":101,"column":23}},"67":{"start":{"line":103,"column":4},"end":{"line":103,"column":26}},"68":{"start":{"line":107,"column":2},"end":{"line":107,"column":30}},"69":{"start":{"line":108,"column":2},"end":{"line":108,"column":17}},"70":{"start":{"line":111,"column":9},"end":{"line":117,"column":null}},"71":{"start":{"line":112,"column":2},"end":{"line":116,"column":3}},"72":{"start":{"line":113,"column":3},"end":{"line":113,"column":28}},"73":{"start":{"line":115,"column":3},"end":{"line":115,"column":16}},"74":{"start":{"line":118,"column":0},"end":{"line":118,"column":null}},"75":{"start":{"line":5,"column":13},"end":{"line":5,"column":19}}},"fnMap":{"0":{"name":"(anonymous_26)","decl":{"start":{"line":5,"column":0},"end":{"line":5,"column":13}},"loc":{"start":{"line":5,"column":0},"end":{"line":118,"column":null}}},"1":{"name":"CsvBig","decl":{"start":{"line":13,"column":1},"end":{"line":13,"column":13}},"loc":{"start":{"line":13,"column":63},"end":{"line":20,"column":2}}},"2":{"name":"(anonymous_28)","decl":{"start":{"line":22,"column":1},"end":{"line":22,"column":7}},"loc":{"start":{"line":22,"column":41},"end":{"line":27,"column":null}}},"3":{"name":"(anonymous_31)","decl":{"start":{"line":24,"column":14},"end":{"line":24,"column":20}},"loc":{"start":{"line":24,"column":14},"end":{"line":24,"column":24}}},"4":{"name":"(anonymous_32)","decl":{"start":{"line":29,"column":1},"end":{"line":29,"column":7}},"loc":{"start":{"line":29,"column":67},"end":{"line":36,"column":null}}},"5":{"name":"(anonymous_35)","decl":{"start":{"line":31,"column":14},"end":{"line":31,"column":15}},"loc":{"start":{"line":31,"column":32},"end":{"line":33,"column":4}}},"6":{"name":"(anonymous_36)","decl":{"start":{"line":32,"column":28},"end":{"line":32,"column":29}},"loc":{"start":{"line":32,"column":50},"end":{"line":32,"column":61}}},"7":{"name":"(anonymous_37)","decl":{"start":{"line":38,"column":1},"end":{"line":38,"column":15}},"loc":{"start":{"line":38,"column":1},"end":{"line":73,"column":null}}},"8":{"name":"(anonymous_40)","decl":{"start":{"line":75,"column":1},"end":{"line":75,"column":9}},"loc":{"start":{"line":75,"column":83},"end":{"line":85,"column":2}}},"9":{"name":"(anonymous_41)","decl":{"start":{"line":81,"column":24},"end":{"line":81,"column":25}},"loc":{"start":{"line":81,"column":43},"end":{"line":84,"column":3}}},"10":{"name":"(anonymous_42)","decl":{"start":{"line":87,"column":1},"end":{"line":87,"column":9}},"loc":{"start":{"line":87,"column":59},"end":{"line":109,"column":2}}},"11":{"name":"(anonymous_43)","decl":{"start":{"line":111,"column":1},"end":{"line":111,"column":9}},"loc":{"start":{"line":111,"column":37},"end":{"line":117,"column":2}}}},"branchMap":{"0":{"loc":{"start":{"line":13,"column":36},"end":{"line":13,"column":null}},"type":"if","locations":[{"start":{"line":13,"column":36},"end":{"line":13,"column":null}}]},"1":{"loc":{"start":{"line":15,"column":24},"end":{"line":15,"column":54}},"type":"binary-expr","locations":[{"start":{"line":15,"column":24},"end":{"line":15,"column":46}},{"start":{"line":15,"column":50},"end":{"line":15,"column":54}}]},"2":{"loc":{"start":{"line":16,"column":18},"end":{"line":16,"column":98}},"type":"cond-expr","locations":[{"start":{"line":16,"column":75},"end":{"line":16,"column":91}},{"start":{"line":16,"column":94},"end":{"line":16,"column":98}}]},"3":{"loc":{"start":{"line":16,"column":18},"end":{"line":16,"column":72}},"type":"binary-expr","locations":[{"start":{"line":16,"column":18},"end":{"line":16,"column":34}},{"start":{"line":16,"column":38},"end":{"line":16,"column":72}}]},"4":{"loc":{"start":{"line":17,"column":19},"end":{"line":17,"column":43}},"type":"binary-expr","locations":[{"start":{"line":17,"column":19},"end":{"line":17,"column":36}},{"start":{"line":17,"column":40},"end":{"line":17,"column":43}}]},"5":{"loc":{"start":{"line":46,"column":3},"end":{"line":49,"column":4}},"type":"if","locations":[{"start":{"line":46,"column":3},"end":{"line":49,"column":4}}]},"6":{"loc":{"start":{"line":53,"column":3},"end":{"line":60,"column":4}},"type":"if","locations":[{"start":{"line":53,"column":3},"end":{"line":60,"column":4}}]},"7":{"loc":{"start":{"line":57,"column":4},"end":{"line":59,"column":5}},"type":"if","locations":[{"start":{"line":57,"column":4},"end":{"line":59,"column":5}}]},"8":{"loc":{"start":{"line":57,"column":8},"end":{"line":57,"column":37}},"type":"binary-expr","locations":[{"start":{"line":57,"column":8},"end":{"line":57,"column":13}},{"start":{"line":57,"column":17},"end":{"line":57,"column":37}}]},"9":{"loc":{"start":{"line":63,"column":2},"end":{"line":72,"column":3}},"type":"if","locations":[{"start":{"line":63,"column":2},"end":{"line":72,"column":3}},{"start":{"line":70,"column":9},"end":{"line":72,"column":3}}]},"10":{"loc":{"start":{"line":77,"column":2},"end":{"line":79,"column":3}},"type":"if","locations":[{"start":{"line":77,"column":2},"end":{"line":79,"column":3}}]},"11":{"loc":{"start":{"line":94,"column":3},"end":{"line":104,"column":4}},"type":"if","locations":[{"start":{"line":94,"column":3},"end":{"line":104,"column":4}},{"start":{"line":97,"column":10},"end":{"line":104,"column":4}}]},"12":{"loc":{"start":{"line":94,"column":7},"end":{"line":94,"column":42}},"type":"binary-expr","locations":[{"start":{"line":94,"column":7},"end":{"line":94,"column":19}},{"start":{"line":94,"column":23},"end":{"line":94,"column":42}}]},"13":{"loc":{"start":{"line":97,"column":10},"end":{"line":104,"column":4}},"type":"if","locations":[{"start":{"line":97,"column":10},"end":{"line":104,"column":4}},{"start":{"line":99,"column":10},"end":{"line":104,"column":4}}]},"14":{"loc":{"start":{"line":99,"column":10},"end":{"line":104,"column":4}},"type":"if","locations":[{"start":{"line":99,"column":10},"end":{"line":104,"column":4}},{"start":{"line":102,"column":10},"end":{"line":104,"column":4}}]},"15":{"loc":{"start":{"line":99,"column":14},"end":{"line":99,"column":49}},"type":"binary-expr","locations":[{"start":{"line":99,"column":14},"end":{"line":99,"column":32}},{"start":{"line":99,"column":36},"end":{"line":99,"column":49}}]}},"s":{"0":1,"1":1,"2":1,"3":18,"4":10,"5":10,"6":10,"7":10,"8":10,"9":10,"10":1,"11":1,"12":0,"13":1,"14":1,"15":0,"16":0,"17":0,"18":0,"19":1,"20":2,"21":2,"22":2,"23":2,"24":2,"25":2,"26":2,"27":0,"28":0,"29":0,"30":0,"31":0,"32":0,"33":0,"34":0,"35":0,"36":0,"37":0,"38":2,"39":1,"40":1,"41":1,"42":0,"43":1,"44":1,"45":2,"46":2,"47":2,"48":1,"49":1,"50":2,"51":2,"52":1,"53":3,"54":3,"55":3,"56":3,"57":3,"58":36,"59":36,"60":0,"61":0,"62":36,"63":4,"64":32,"65":3,"66":3,"67":29,"68":3,"69":3,"70":1,"71":7,"72":7,"73":2,"74":1,"75":1},"f":{"0":1,"1":10,"2":1,"3":0,"4":1,"5":0,"6":0,"7":2,"8":2,"9":2,"10":3,"11":7},"b":{"0":[8],"1":[10,8],"2":[1,9],"3":[10,1],"4":[10,9],"5":[0],"6":[0],"7":[0],"8":[0,0],"9":[1,1],"10":[1],"11":[0,36],"12":[36,4],"13":[4,32],"14":[3,29],"15":[32,4]}}
}
