TN:
SF:src/lib/csvBig.ts
FN:5,(anonymous_26)
FN:13,CsvBig
FN:22,(anonymous_28)
FN:24,(anonymous_31)
FN:29,(anonymous_32)
FN:31,(anonymous_35)
FN:32,(anonymous_36)
FN:38,(anonymous_37)
FN:75,(anonymous_40)
FN:81,(anonymous_41)
FN:87,(anonymous_42)
FN:111,(anonymous_43)
FNF:12
FNH:9
FNDA:1,(anonymous_26)
FNDA:10,CsvBig
FNDA:1,(anonymous_28)
FNDA:0,(anonymous_31)
FNDA:1,(anonymous_32)
FNDA:0,(anonymous_35)
FNDA:0,(anonymous_36)
FNDA:2,(anonymous_37)
FNDA:2,(anonymous_40)
FNDA:2,(anonymous_41)
FNDA:3,(anonymous_42)
FNDA:7,(anonymous_43)
DA:1,1
DA:2,1
DA:5,1
DA:13,18
DA:14,10
DA:15,10
DA:16,10
DA:17,10
DA:18,10
DA:19,10
DA:22,1
DA:23,1
DA:24,0
DA:29,1
DA:30,1
DA:32,0
DA:38,2
DA:39,2
DA:40,2
DA:42,2
DA:43,2
DA:45,2
DA:46,0
DA:47,0
DA:48,0
DA:51,0
DA:53,0
DA:54,0
DA:55,0
DA:57,0
DA:58,0
DA:63,2
DA:64,1
DA:65,1
DA:66,1
DA:68,0
DA:71,1
DA:75,2
DA:76,2
DA:77,2
DA:78,1
DA:81,1
DA:82,2
DA:83,2
DA:87,1
DA:88,3
DA:89,3
DA:90,3
DA:92,3
DA:93,36
DA:94,36
DA:95,0
DA:96,0
DA:97,36
DA:98,4
DA:99,32
DA:100,3
DA:101,3
DA:103,29
DA:107,3
DA:108,3
DA:111,1
DA:112,7
DA:113,7
DA:115,2
DA:118,1
LF:66
LH:52
BRDA:13,0,0,8
BRDA:15,1,0,10
BRDA:15,1,1,8
BRDA:16,2,0,1
BRDA:16,2,1,9
BRDA:16,3,0,10
BRDA:16,3,1,1
BRDA:17,4,0,10
BRDA:17,4,1,9
BRDA:46,5,0,0
BRDA:53,6,0,0
BRDA:57,7,0,0
BRDA:57,8,0,0
BRDA:57,8,1,0
BRDA:63,9,0,1
BRDA:63,9,1,1
BRDA:77,10,0,1
BRDA:94,11,0,0
BRDA:94,11,1,36
BRDA:94,12,0,36
BRDA:94,12,1,4
BRDA:97,13,0,4
BRDA:97,13,1,32
BRDA:99,14,0,3
BRDA:99,14,1,29
BRDA:99,15,0,32
BRDA:99,15,1,4
BRF:27
BRH:21
end_of_record
